Using pre-set license
Built from '2020.3/staging' branch; Version is '2020.3.16f1 (049d6eca3c44) revision 302446'; Using compiler version '192528614'; Build Type 'Release'
OS: 'Windows 10 Home; OS build 19043.1415; Version 2009; 64bit' Language: 'en' Physical Memory: 8075 MB
BatchMode: 1, IsHumanControllingUs: 0, StartBugReporterOnCrash: 0, Is64bit: 1, IsPro: 0

 COMMAND LINE ARGUMENTS:
C:\Program Files\Unity\Hub\Editor\2020.3.16f1\Editor\Unity.exe
-adb2
-batchMode
-noUpm
-name
AssetImportWorker0
-projectPath
C:/Users/frank/OneDrive/Desktop/UnityCardGame/CardGame
-logFile
Logs/AssetImportWorker0.log
-srvPort
51517
Successfully changed project path to: C:/Users/frank/OneDrive/Desktop/UnityCardGame/CardGame
C:/Users/frank/OneDrive/Desktop/UnityCardGame/CardGame
Using Asset Import Pipeline V2.
Refreshing native plugins compatible for Editor in 32.89 ms, found 2 plugins.
Preloading 0 native plugins for Editor in 0.00 ms.
Initialize engine version: 2020.3.16f1 (049d6eca3c44)
[Subsystems] Discovering subsystems at path C:/Program Files/Unity/Hub/Editor/2020.3.16f1/Editor/Data/Resources/UnitySubsystems
[Subsystems] Discovering subsystems at path C:/Users/frank/OneDrive/Desktop/UnityCardGame/CardGame/Assets
GfxDevice: creating device client; threaded=0
Direct3D:
    Version:  Direct3D 11.0 [level 11.1]
    Renderer: NVIDIA GeForce GTX 1060 (ID=0x1c20)
    Vendor:   
    VRAM:     6052 MB
    Driver:   30.0.14.7141
Initialize mono
Mono path[0] = 'C:/Program Files/Unity/Hub/Editor/2020.3.16f1/Editor/Data/Managed'
Mono path[1] = 'C:/Program Files/Unity/Hub/Editor/2020.3.16f1/Editor/Data/MonoBleedingEdge/lib/mono/unityjit'
Mono config path = 'C:/Program Files/Unity/Hub/Editor/2020.3.16f1/Editor/Data/MonoBleedingEdge/etc'
Using monoOptions --debugger-agent=transport=dt_socket,embedding=1,server=y,suspend=n,address=127.0.0.1:56296
Begin MonoManager ReloadAssembly
Registering precompiled unity dll's ...
Register platform support module: C:/Program Files/Unity/Hub/Editor/2020.3.16f1/Editor/Data/PlaybackEngines/WindowsStandaloneSupport/UnityEditor.WindowsStandalone.Extensions.dll
Registered in 0.002598 seconds.
Native extension for WindowsStandalone target not found
Refreshing native plugins compatible for Editor in 29.61 ms, found 2 plugins.
Preloading 0 native plugins for Editor in 0.00 ms.
Mono: successfully reloaded assembly
- Completed reload, in  1.253 seconds
Domain Reload Profiling:
	ReloadAssembly (1253ms)
		BeginReloadAssembly (70ms)
			ExecutionOrderSort (0ms)
			DisableScriptedObjects (0ms)
			BackupInstance (0ms)
			ReleaseScriptingObjects (0ms)
			CreateAndSetChildDomain (1ms)
		EndReloadAssembly (433ms)
			LoadAssemblies (67ms)
			RebuildTransferFunctionScriptingTraits (0ms)
			SetupTypeCache (162ms)
			ReleaseScriptCaches (0ms)
			RebuildScriptCaches (35ms)
			SetupLoadedEditorAssemblies (161ms)
				LogAssemblyErrors (0ms)
				InitializePlatformSupportModulesInManaged (4ms)
				SetLoadedEditorAssemblies (0ms)
				RefreshPlugins (30ms)
				BeforeProcessingInitializeOnLoad (9ms)
				ProcessInitializeOnLoadAttributes (87ms)
				ProcessInitializeOnLoadMethodAttributes (30ms)
				AfterProcessingInitializeOnLoad (0ms)
				EditorAssembliesLoaded (0ms)
			ExecutionOrderSort2 (0ms)
			AwakeInstancesAfterBackupRestoration (0ms)
Platform modules already initialized, skipping
Registering precompiled user dll's ...
Registered in 0.004565 seconds.
Begin MonoManager ReloadAssembly
Native extension for WindowsStandalone target not found
Refreshing native plugins compatible for Editor in 0.38 ms, found 2 plugins.
Preloading 0 native plugins for Editor in 0.00 ms.
Mono: successfully reloaded assembly
- Completed reload, in  1.277 seconds
Domain Reload Profiling:
	ReloadAssembly (1278ms)
		BeginReloadAssembly (171ms)
			ExecutionOrderSort (0ms)
			DisableScriptedObjects (4ms)
			BackupInstance (0ms)
			ReleaseScriptingObjects (0ms)
			CreateAndSetChildDomain (21ms)
		EndReloadAssembly (1040ms)
			LoadAssemblies (89ms)
			RebuildTransferFunctionScriptingTraits (0ms)
			SetupTypeCache (319ms)
			ReleaseScriptCaches (1ms)
			RebuildScriptCaches (82ms)
			SetupLoadedEditorAssemblies (426ms)
				LogAssemblyErrors (0ms)
				InitializePlatformSupportModulesInManaged (5ms)
				SetLoadedEditorAssemblies (0ms)
				RefreshPlugins (0ms)
				BeforeProcessingInitializeOnLoad (56ms)
				ProcessInitializeOnLoadAttributes (348ms)
				ProcessInitializeOnLoadMethodAttributes (6ms)
				AfterProcessingInitializeOnLoad (10ms)
				EditorAssembliesLoaded (0ms)
			ExecutionOrderSort2 (0ms)
			AwakeInstancesAfterBackupRestoration (7ms)
Platform modules already initialized, skipping
========================================================================
Worker process is ready to serve import requests
Launched and connected shader compiler UnityShaderCompiler.exe after 0.09 seconds
Refreshing native plugins compatible for Editor in 0.34 ms, found 2 plugins.
Preloading 0 native plugins for Editor in 0.00 ms.
Unloading 1397 Unused Serialized files (Serialized files now loaded: 0)
System memory in use before: 64.9 MB.
System memory in use after: 65.0 MB.

Unloading 18 unused Assets to reduce memory usage. Loaded Objects now: 1830.
Total: 3.209200 ms (FindLiveObjects: 0.147300 ms CreateObjectMapping: 0.039600 ms MarkObjects: 2.902600 ms  DeleteObjects: 0.118900 ms)

AssetImportParameters requested are different than current active one (requested -> active):
  custom:framework-win-MediaFoundation: 216162199b28c13a410421893ffa2e32 -> 
  custom:video-decoder-ogg-theora: a1e56fd34408186e4bbccfd4996cb3dc -> 
  custom:container-muxer-webm: aa71ff27fc2769a1b78a27578f13a17b -> 
  custom:container-demuxer-webm: 4f35f7cbe854078d1ac9338744f61a02 -> 
  custom:container-demuxer-ogg: 62fdf1f143b41e24485cea50d1cbac27 -> 
  custom:video-encoder-webm-vp8: eb34c28f22e8b96e1ab97ce403110664 -> 
  custom:video-decoder-webm-vp8: 9c59270c3fd7afecdb556c50c9e8de78 -> 
  custom:audio-decoder-ogg-vorbis: bf7c407c2cedff20999df2af8eb42d56 -> 
  custom:audio-encoder-webm-vorbis: bf7c407c2cedff20999df2af8eb42d56 -> 
========================================================================
Received Import Request.
  path: Assets/cardBase.png
  artifactKey: Guid(2ed7b553bcab9544588f2e8b56f1ff70) Importer(815301076,1909f56bfc062723c751e8b465ee728b)
Start importing Assets/cardBase.png using Guid(2ed7b553bcab9544588f2e8b56f1ff70) Importer(815301076,1909f56bfc062723c751e8b465ee728b)  -> (artifact id: 'ea99710187814766dc29880ce04c40a2') in 0.113473 seconds 
  Import took 0.116872 seconds .

========================================================================
Received Import Request.
  Time since last request: 7.726359 seconds.
  path: Assets/New Material.mat
  artifactKey: Guid(a756241a792ac624c8535af6eab3caac) Importer(815301076,1909f56bfc062723c751e8b465ee728b)
Start importing Assets/New Material.mat using Guid(a756241a792ac624c8535af6eab3caac) Importer(815301076,1909f56bfc062723c751e8b465ee728b)  -> (artifact id: '40c6189255c294554dfdf15ea7b9d32b') in 0.099729 seconds 
  Import took 0.103524 seconds .

========================================================================
Received Import Request.
  Time since last request: 248.751621 seconds.
  path: Assets/New Material 1.mat
  artifactKey: Guid(8c0061042139fcb4e86057a80d4937ea) Importer(815301076,1909f56bfc062723c751e8b465ee728b)
Start importing Assets/New Material 1.mat using Guid(8c0061042139fcb4e86057a80d4937ea) Importer(815301076,1909f56bfc062723c751e8b465ee728b)  -> (artifact id: 'e7f9ea1bdde33af83d279c16480d3683') in 0.022814 seconds 
  Import took 0.028607 seconds .

========================================================================
Received Import Request.
  Time since last request: 52.127209 seconds.
  path: Assets/Wood_BarnWallSupports_1k_d.tga
  artifactKey: Guid(0bd7013eb7aa38d45b9a5d88f5750b38) Importer(815301076,1909f56bfc062723c751e8b465ee728b)
Start importing Assets/Wood_BarnWallSupports_1k_d.tga using Guid(0bd7013eb7aa38d45b9a5d88f5750b38) Importer(815301076,1909f56bfc062723c751e8b465ee728b)  -> (artifact id: '149649c295e9774974252bf7006b02b6') in 0.052286 seconds 
  Import took 0.056489 seconds .

========================================================================
Received Import Request.
  Time since last request: 28.744168 seconds.
  path: Assets/wood_boardWalkPlanks_1k_d.tga
  artifactKey: Guid(b0c40a3553310464aa246d954129bef8) Importer(815301076,1909f56bfc062723c751e8b465ee728b)
Start importing Assets/wood_boardWalkPlanks_1k_d.tga using Guid(b0c40a3553310464aa246d954129bef8) Importer(815301076,1909f56bfc062723c751e8b465ee728b)  -> (artifact id: '264007e663bf785fccaa7f4512d0ed3b') in 0.023187 seconds 
  Import took 0.027865 seconds .

========================================================================
Received Import Request.
  Time since last request: 35.012086 seconds.
  path: Assets/wood_guiTilingPirate_1k_d.tga
  artifactKey: Guid(3152ba03592636d46807897c33f47afe) Importer(815301076,1909f56bfc062723c751e8b465ee728b)
Start importing Assets/wood_guiTilingPirate_1k_d.tga using Guid(3152ba03592636d46807897c33f47afe) Importer(815301076,1909f56bfc062723c751e8b465ee728b)  -> (artifact id: 'bad5d7673ddd50ecc39ead771f82874b') in 0.020620 seconds 
  Import took 0.023979 seconds .

========================================================================
Received Import Request.
  Time since last request: 0.000383 seconds.
  path: Assets/Wood_Logcabin_1k_d.tga
  artifactKey: Guid(f4a4218a9964dad46af62b0cb0e3865a) Importer(815301076,1909f56bfc062723c751e8b465ee728b)
Start importing Assets/Wood_Logcabin_1k_d.tga using Guid(f4a4218a9964dad46af62b0cb0e3865a) Importer(815301076,1909f56bfc062723c751e8b465ee728b)  -> (artifact id: '85aa343189ef5918feac5e9107fc0ed5') in 0.015606 seconds 
  Import took 0.018985 seconds .

========================================================================
Received Import Request.
  Time since last request: 0.000419 seconds.
  path: Assets/wood_guiTilingPirate_1k_d.tga
  artifactKey: Guid(3152ba03592636d46807897c33f47afe) Importer(815301076,1909f56bfc062723c751e8b465ee728b)
Start importing Assets/wood_guiTilingPirate_1k_d.tga using Guid(3152ba03592636d46807897c33f47afe) Importer(815301076,1909f56bfc062723c751e8b465ee728b)  -> (artifact id: 'bad5d7673ddd50ecc39ead771f82874b') in 0.017432 seconds 
  Import took 0.020589 seconds .

========================================================================
Received Import Request.
  Time since last request: 0.000384 seconds.
  path: Assets/Wood_Logcabin_1k_d.tga
  artifactKey: Guid(f4a4218a9964dad46af62b0cb0e3865a) Importer(815301076,1909f56bfc062723c751e8b465ee728b)
Start importing Assets/Wood_Logcabin_1k_d.tga using Guid(f4a4218a9964dad46af62b0cb0e3865a) Importer(815301076,1909f56bfc062723c751e8b465ee728b)  -> (artifact id: '85aa343189ef5918feac5e9107fc0ed5') in 0.014035 seconds 
  Import took 0.017209 seconds .

========================================================================
Received Import Request.
  Time since last request: 242.810079 seconds.
  path: Assets/New Material 1.mat
  artifactKey: Guid(8c0061042139fcb4e86057a80d4937ea) Importer(815301076,1909f56bfc062723c751e8b465ee728b)
Start importing Assets/New Material 1.mat using Guid(8c0061042139fcb4e86057a80d4937ea) Importer(815301076,1909f56bfc062723c751e8b465ee728b)  -> (artifact id: 'e515ad3ea32e01be334ccd1c784c4b0f') in 0.016276 seconds 
  Import took 0.025495 seconds .

========================================================================
Received Import Request.
  Time since last request: 0.000327 seconds.
  path: Assets/New Material.mat
  artifactKey: Guid(a756241a792ac624c8535af6eab3caac) Importer(815301076,1909f56bfc062723c751e8b465ee728b)
Start importing Assets/New Material.mat using Guid(a756241a792ac624c8535af6eab3caac) Importer(815301076,1909f56bfc062723c751e8b465ee728b)  -> (artifact id: 'b9402c12c8cb84310d34dcb450715e84') in 0.018493 seconds 
  Import took 0.021636 seconds .

========================================================================
Received Import Request.
  Time since last request: 0.003158 seconds.
  path: Assets/New Material.mat
  artifactKey: Guid(a756241a792ac624c8535af6eab3caac) Importer(815301076,1909f56bfc062723c751e8b465ee728b)
Start importing Assets/New Material.mat using Guid(a756241a792ac624c8535af6eab3caac) Importer(815301076,1909f56bfc062723c751e8b465ee728b)  -> (artifact id: 'b9402c12c8cb84310d34dcb450715e84') in 0.015264 seconds 
  Import took 0.019008 seconds .

========================================================================
Received Import Request.
  Time since last request: 8.414755 seconds.
  path: Assets/TableWood.mat
  artifactKey: Guid(8c0061042139fcb4e86057a80d4937ea) Importer(815301076,1909f56bfc062723c751e8b465ee728b)
Start importing Assets/TableWood.mat using Guid(8c0061042139fcb4e86057a80d4937ea) Importer(815301076,1909f56bfc062723c751e8b465ee728b)  -> (artifact id: '08f2061213aef8e4eeba35cebf3982a0') in 0.013646 seconds 
  Import took 0.016960 seconds .

========================================================================
Received Import Request.
  Time since last request: 3.109385 seconds.
  path: Assets/Wood.tga
  artifactKey: Guid(3152ba03592636d46807897c33f47afe) Importer(815301076,1909f56bfc062723c751e8b465ee728b)
Start importing Assets/Wood.tga using Guid(3152ba03592636d46807897c33f47afe) Importer(815301076,1909f56bfc062723c751e8b465ee728b)  -> (artifact id: '1f415da74577d8a34b705c2a4ef6595e') in 0.015031 seconds 
  Import took 0.018792 seconds .

========================================================================
Received Import Request.
  Time since last request: 0.004387 seconds.
  path: Assets/Wood.tga
  artifactKey: Guid(3152ba03592636d46807897c33f47afe) Importer(815301076,1909f56bfc062723c751e8b465ee728b)
Start importing Assets/Wood.tga using Guid(3152ba03592636d46807897c33f47afe) Importer(815301076,1909f56bfc062723c751e8b465ee728b)  -> (artifact id: '1f415da74577d8a34b705c2a4ef6595e') in 0.012101 seconds 
  Import took 0.014864 seconds .

========================================================================
Received Import Request.
  Time since last request: 8.431564 seconds.
  path: Assets/CardBorder.mat
  artifactKey: Guid(a756241a792ac624c8535af6eab3caac) Importer(815301076,1909f56bfc062723c751e8b465ee728b)
Start importing Assets/CardBorder.mat using Guid(a756241a792ac624c8535af6eab3caac) Importer(815301076,1909f56bfc062723c751e8b465ee728b)  -> (artifact id: 'fea7c3b2d8eea969a07b69bf6e9c901b') in 0.014355 seconds 
  Import took 0.019335 seconds .

========================================================================
Received Import Request.
  Time since last request: 6.415963 seconds.
  path: Assets/Materials
  artifactKey: Guid(d4990b19e66903d48a1be8b72f3851cd) Importer(815301076,1909f56bfc062723c751e8b465ee728b)
Start importing Assets/Materials using Guid(d4990b19e66903d48a1be8b72f3851cd) Importer(815301076,1909f56bfc062723c751e8b465ee728b)  -> (artifact id: 'ecc1c21fc317c5ba46d337280d1c058b') in 0.010508 seconds 
  Import took 0.014583 seconds .

========================================================================
Received Import Request.
  Time since last request: 4.535996 seconds.
  path: Assets/Textures
  artifactKey: Guid(246bae7ba3c341e4aa52b59a5d7c755f) Importer(815301076,1909f56bfc062723c751e8b465ee728b)
Start importing Assets/Textures using Guid(246bae7ba3c341e4aa52b59a5d7c755f) Importer(815301076,1909f56bfc062723c751e8b465ee728b)  -> (artifact id: 'fba9fb8ab9623cd5ec9b1c463844a736') in 0.009888 seconds 
  Import took 0.014940 seconds .

========================================================================
Received Import Request.
  Time since last request: 103.239842 seconds.
  path: Assets/Scripts
  artifactKey: Guid(4efcdf58a87b895479163faabb886b59) Importer(815301076,1909f56bfc062723c751e8b465ee728b)
Start importing Assets/Scripts using Guid(4efcdf58a87b895479163faabb886b59) Importer(815301076,1909f56bfc062723c751e8b465ee728b)  -> (artifact id: '8dce6b5f24b4b6129a7428d803cf7eb2') in 0.009247 seconds 
  Import took 0.013093 seconds .

========================================================================
Received Import Request.
  Time since last request: 6.235693 seconds.
  path: Assets/Prefabs
  artifactKey: Guid(98901c084c549014a9b2b7cb3b8718d4) Importer(815301076,1909f56bfc062723c751e8b465ee728b)
Start importing Assets/Prefabs using Guid(98901c084c549014a9b2b7cb3b8718d4) Importer(815301076,1909f56bfc062723c751e8b465ee728b)  -> (artifact id: '54e49a1056672f1c6d3016dc7038d3c6') in 0.009074 seconds 
  Import took 0.013014 seconds .

========================================================================
Received Import Request.
  Time since last request: 14.890325 seconds.
  path: Assets/Scripts/UnitScript.cs
  artifactKey: Guid(8d1e5065d3ba6c048969efe50f368114) Importer(815301076,1909f56bfc062723c751e8b465ee728b)
Start importing Assets/Scripts/UnitScript.cs using Guid(8d1e5065d3ba6c048969efe50f368114) Importer(815301076,1909f56bfc062723c751e8b465ee728b)  -> (artifact id: '6bdfda3c2fc88fc481e10409ecf97054') in 0.020888 seconds 
  Import took 0.024019 seconds .

========================================================================
Received Prepare
Registering precompiled user dll's ...
Registered in 0.004627 seconds.
Begin MonoManager ReloadAssembly
Native extension for WindowsStandalone target not found
Refreshing native plugins compatible for Editor in 0.43 ms, found 2 plugins.
Preloading 0 native plugins for Editor in 0.00 ms.
Mono: successfully reloaded assembly
- Completed reload, in  1.484 seconds
Domain Reload Profiling:
	ReloadAssembly (1485ms)
		BeginReloadAssembly (158ms)
			ExecutionOrderSort (0ms)
			DisableScriptedObjects (7ms)
			BackupInstance (0ms)
			ReleaseScriptingObjects (0ms)
			CreateAndSetChildDomain (50ms)
		EndReloadAssembly (1223ms)
			LoadAssemblies (108ms)
			RebuildTransferFunctionScriptingTraits (0ms)
			SetupTypeCache (441ms)
			ReleaseScriptCaches (1ms)
			RebuildScriptCaches (43ms)
			SetupLoadedEditorAssemblies (507ms)
				LogAssemblyErrors (0ms)
				InitializePlatformSupportModulesInManaged (9ms)
				SetLoadedEditorAssemblies (1ms)
				RefreshPlugins (1ms)
				BeforeProcessingInitializeOnLoad (74ms)
				ProcessInitializeOnLoadAttributes (408ms)
				ProcessInitializeOnLoadMethodAttributes (5ms)
				AfterProcessingInitializeOnLoad (10ms)
				EditorAssembliesLoaded (0ms)
			ExecutionOrderSort2 (0ms)
			AwakeInstancesAfterBackupRestoration (9ms)
Platform modules already initialized, skipping
Refreshing native plugins compatible for Editor in 0.39 ms, found 2 plugins.
Preloading 0 native plugins for Editor in 0.00 ms.
Unloading 1392 Unused Serialized files (Serialized files now loaded: 0)
System memory in use before: 68.1 MB.
System memory in use after: 68.2 MB.

Unloading 13 unused Assets to reduce memory usage. Loaded Objects now: 1874.
Total: 3.611900 ms (FindLiveObjects: 0.254800 ms CreateObjectMapping: 0.080300 ms MarkObjects: 3.253900 ms  DeleteObjects: 0.021300 ms)

AssetImportParameters requested are different than current active one (requested -> active):
  custom:framework-win-MediaFoundation: 216162199b28c13a410421893ffa2e32 -> 
  custom:video-decoder-ogg-theora: a1e56fd34408186e4bbccfd4996cb3dc -> 
  custom:container-muxer-webm: aa71ff27fc2769a1b78a27578f13a17b -> 
  custom:container-demuxer-webm: 4f35f7cbe854078d1ac9338744f61a02 -> 
  custom:container-demuxer-ogg: 62fdf1f143b41e24485cea50d1cbac27 -> 
  custom:video-encoder-webm-vp8: eb34c28f22e8b96e1ab97ce403110664 -> 
  custom:video-decoder-webm-vp8: 9c59270c3fd7afecdb556c50c9e8de78 -> 
  custom:audio-decoder-ogg-vorbis: bf7c407c2cedff20999df2af8eb42d56 -> 
  custom:audio-encoder-webm-vorbis: bf7c407c2cedff20999df2af8eb42d56 -> 
========================================================================
Received Import Request.
  Time since last request: 447.897218 seconds.
  path: Assets/Scripts/UnitManager.cs
  artifactKey: Guid(544a8f65a43c3f948acd4cbd1946096c) Importer(815301076,1909f56bfc062723c751e8b465ee728b)
Start importing Assets/Scripts/UnitManager.cs using Guid(544a8f65a43c3f948acd4cbd1946096c) Importer(815301076,1909f56bfc062723c751e8b465ee728b)  -> (artifact id: '5f1f5d7e2870748c73dcac11b56a0275') in 0.017555 seconds 
  Import took 0.022594 seconds .

========================================================================
Received Prepare
Registering precompiled user dll's ...
Registered in 0.004858 seconds.
Begin MonoManager ReloadAssembly
Native extension for WindowsStandalone target not found
Refreshing native plugins compatible for Editor in 0.31 ms, found 2 plugins.
Preloading 0 native plugins for Editor in 0.00 ms.
Mono: successfully reloaded assembly
- Completed reload, in  1.247 seconds
Domain Reload Profiling:
	ReloadAssembly (1248ms)
		BeginReloadAssembly (128ms)
			ExecutionOrderSort (0ms)
			DisableScriptedObjects (7ms)
			BackupInstance (0ms)
			ReleaseScriptingObjects (0ms)
			CreateAndSetChildDomain (37ms)
		EndReloadAssembly (1041ms)
			LoadAssemblies (101ms)
			RebuildTransferFunctionScriptingTraits (0ms)
			SetupTypeCache (374ms)
			ReleaseScriptCaches (1ms)
			RebuildScriptCaches (41ms)
			SetupLoadedEditorAssemblies (422ms)
				LogAssemblyErrors (0ms)
				InitializePlatformSupportModulesInManaged (6ms)
				SetLoadedEditorAssemblies (0ms)
				RefreshPlugins (0ms)
				BeforeProcessingInitializeOnLoad (57ms)
				ProcessInitializeOnLoadAttributes (345ms)
				ProcessInitializeOnLoadMethodAttributes (4ms)
				AfterProcessingInitializeOnLoad (9ms)
				EditorAssembliesLoaded (0ms)
			ExecutionOrderSort2 (0ms)
			AwakeInstancesAfterBackupRestoration (7ms)
Platform modules already initialized, skipping
Refreshing native plugins compatible for Editor in 0.31 ms, found 2 plugins.
Preloading 0 native plugins for Editor in 0.00 ms.
Unloading 1393 Unused Serialized files (Serialized files now loaded: 0)
System memory in use before: 68.1 MB.
System memory in use after: 68.2 MB.

Unloading 13 unused Assets to reduce memory usage. Loaded Objects now: 1877.
Total: 4.184600 ms (FindLiveObjects: 0.146700 ms CreateObjectMapping: 0.044100 ms MarkObjects: 3.958400 ms  DeleteObjects: 0.034000 ms)

AssetImportParameters requested are different than current active one (requested -> active):
  custom:framework-win-MediaFoundation: 216162199b28c13a410421893ffa2e32 -> 
  custom:video-decoder-ogg-theora: a1e56fd34408186e4bbccfd4996cb3dc -> 
  custom:container-muxer-webm: aa71ff27fc2769a1b78a27578f13a17b -> 
  custom:container-demuxer-webm: 4f35f7cbe854078d1ac9338744f61a02 -> 
  custom:container-demuxer-ogg: 62fdf1f143b41e24485cea50d1cbac27 -> 
  custom:video-encoder-webm-vp8: eb34c28f22e8b96e1ab97ce403110664 -> 
  custom:video-decoder-webm-vp8: 9c59270c3fd7afecdb556c50c9e8de78 -> 
  custom:audio-decoder-ogg-vorbis: bf7c407c2cedff20999df2af8eb42d56 -> 
  custom:audio-encoder-webm-vorbis: bf7c407c2cedff20999df2af8eb42d56 -> 
========================================================================
Received Import Request.
  Time since last request: 105.528036 seconds.
  path: Assets/Scripts/UnitManager.cs
  artifactKey: Guid(544a8f65a43c3f948acd4cbd1946096c) Importer(815301076,1909f56bfc062723c751e8b465ee728b)
Start importing Assets/Scripts/UnitManager.cs using Guid(544a8f65a43c3f948acd4cbd1946096c) Importer(815301076,1909f56bfc062723c751e8b465ee728b)  -> (artifact id: '045aad8a33511438ec859451f0d2a5b8') in 0.014816 seconds 
  Import took 0.022204 seconds .

========================================================================
Received Prepare
Registering precompiled user dll's ...
Registered in 0.006091 seconds.
Begin MonoManager ReloadAssembly
Native extension for WindowsStandalone target not found
Refreshing native plugins compatible for Editor in 0.30 ms, found 2 plugins.
Preloading 0 native plugins for Editor in 0.00 ms.
Mono: successfully reloaded assembly
- Completed reload, in  1.140 seconds
Domain Reload Profiling:
	ReloadAssembly (1140ms)
		BeginReloadAssembly (112ms)
			ExecutionOrderSort (0ms)
			DisableScriptedObjects (6ms)
			BackupInstance (0ms)
			ReleaseScriptingObjects (0ms)
			CreateAndSetChildDomain (32ms)
		EndReloadAssembly (957ms)
			LoadAssemblies (92ms)
			RebuildTransferFunctionScriptingTraits (0ms)
			SetupTypeCache (332ms)
			ReleaseScriptCaches (1ms)
			RebuildScriptCaches (45ms)
			SetupLoadedEditorAssemblies (373ms)
				LogAssemblyErrors (0ms)
				InitializePlatformSupportModulesInManaged (5ms)
				SetLoadedEditorAssemblies (0ms)
				RefreshPlugins (0ms)
				BeforeProcessingInitializeOnLoad (58ms)
				ProcessInitializeOnLoadAttributes (297ms)
				ProcessInitializeOnLoadMethodAttributes (5ms)
				AfterProcessingInitializeOnLoad (7ms)
				EditorAssembliesLoaded (0ms)
			ExecutionOrderSort2 (0ms)
			AwakeInstancesAfterBackupRestoration (8ms)
Platform modules already initialized, skipping
Refreshing native plugins compatible for Editor in 0.34 ms, found 2 plugins.
Preloading 0 native plugins for Editor in 0.00 ms.
Unloading 1393 Unused Serialized files (Serialized files now loaded: 0)
System memory in use before: 68.2 MB.
System memory in use after: 68.3 MB.

Unloading 13 unused Assets to reduce memory usage. Loaded Objects now: 1879.
Total: 3.028500 ms (FindLiveObjects: 0.153400 ms CreateObjectMapping: 0.038800 ms MarkObjects: 2.818900 ms  DeleteObjects: 0.016200 ms)

AssetImportParameters requested are different than current active one (requested -> active):
  custom:framework-win-MediaFoundation: 216162199b28c13a410421893ffa2e32 -> 
  custom:video-decoder-ogg-theora: a1e56fd34408186e4bbccfd4996cb3dc -> 
  custom:container-muxer-webm: aa71ff27fc2769a1b78a27578f13a17b -> 
  custom:container-demuxer-webm: 4f35f7cbe854078d1ac9338744f61a02 -> 
  custom:container-demuxer-ogg: 62fdf1f143b41e24485cea50d1cbac27 -> 
  custom:video-encoder-webm-vp8: eb34c28f22e8b96e1ab97ce403110664 -> 
  custom:video-decoder-webm-vp8: 9c59270c3fd7afecdb556c50c9e8de78 -> 
  custom:audio-decoder-ogg-vorbis: bf7c407c2cedff20999df2af8eb42d56 -> 
  custom:audio-encoder-webm-vorbis: bf7c407c2cedff20999df2af8eb42d56 -> 
========================================================================
Received Prepare
Registering precompiled user dll's ...
Registered in 0.006369 seconds.
Begin MonoManager ReloadAssembly
Native extension for WindowsStandalone target not found
Refreshing native plugins compatible for Editor in 0.30 ms, found 2 plugins.
Preloading 0 native plugins for Editor in 0.00 ms.
Mono: successfully reloaded assembly
- Completed reload, in  1.093 seconds
Domain Reload Profiling:
	ReloadAssembly (1093ms)
		BeginReloadAssembly (132ms)
			ExecutionOrderSort (0ms)
			DisableScriptedObjects (5ms)
			BackupInstance (0ms)
			ReleaseScriptingObjects (0ms)
			CreateAndSetChildDomain (36ms)
		EndReloadAssembly (885ms)
			LoadAssemblies (93ms)
			RebuildTransferFunctionScriptingTraits (0ms)
			SetupTypeCache (297ms)
			ReleaseScriptCaches (1ms)
			RebuildScriptCaches (39ms)
			SetupLoadedEditorAssemblies (354ms)
				LogAssemblyErrors (0ms)
				InitializePlatformSupportModulesInManaged (6ms)
				SetLoadedEditorAssemblies (1ms)
				RefreshPlugins (0ms)
				BeforeProcessingInitializeOnLoad (52ms)
				ProcessInitializeOnLoadAttributes (284ms)
				ProcessInitializeOnLoadMethodAttributes (4ms)
				AfterProcessingInitializeOnLoad (8ms)
				EditorAssembliesLoaded (0ms)
			ExecutionOrderSort2 (0ms)
			AwakeInstancesAfterBackupRestoration (7ms)
Platform modules already initialized, skipping
Refreshing native plugins compatible for Editor in 0.32 ms, found 2 plugins.
Preloading 0 native plugins for Editor in 0.00 ms.
Unloading 1393 Unused Serialized files (Serialized files now loaded: 0)
System memory in use before: 68.2 MB.
System memory in use after: 68.3 MB.

Unloading 13 unused Assets to reduce memory usage. Loaded Objects now: 1881.
Total: 3.379500 ms (FindLiveObjects: 0.154100 ms CreateObjectMapping: 0.043800 ms MarkObjects: 3.152100 ms  DeleteObjects: 0.027500 ms)

AssetImportParameters requested are different than current active one (requested -> active):
  custom:framework-win-MediaFoundation: 216162199b28c13a410421893ffa2e32 -> 
  custom:video-decoder-ogg-theora: a1e56fd34408186e4bbccfd4996cb3dc -> 
  custom:container-muxer-webm: aa71ff27fc2769a1b78a27578f13a17b -> 
  custom:container-demuxer-webm: 4f35f7cbe854078d1ac9338744f61a02 -> 
  custom:container-demuxer-ogg: 62fdf1f143b41e24485cea50d1cbac27 -> 
  custom:video-encoder-webm-vp8: eb34c28f22e8b96e1ab97ce403110664 -> 
  custom:video-decoder-webm-vp8: 9c59270c3fd7afecdb556c50c9e8de78 -> 
  custom:audio-decoder-ogg-vorbis: bf7c407c2cedff20999df2af8eb42d56 -> 
  custom:audio-encoder-webm-vorbis: bf7c407c2cedff20999df2af8eb42d56 -> 
AssetImportWorkerClient::OnTransportError - code=2 error=End of file
